8/27/2005 7:24:28 AM - Starting...
8/27/2005 7:24:57 AM - Finished
8/27/2005 7:26:31 AM - Starting...
8/27/2005 7:26:31 AM - Processing 1 A records.
8/27/2005 7:30:40 AM - Starting...
8/27/2005 7:30:40 AM - Processing 1 A records.
9/5/2005 3:00:36 PM - Starting...
9/5/2005 3:00:36 PM - Processing 1 A records.
9/5/2005 3:00:37 PM - Total new keywords not processed: 10306
9/9/2005 2:26:47 PM - Starting...
9/9/2005 2:26:47 PM - Processing 1 A records.
9/9/2005 2:26:49 PM - Total new keywords not processed: 10296
9/9/2005 2:35:01 PM - Starting...
9/9/2005 2:35:01 PM - Processing 10 A records.
9/9/2005 2:35:02 PM - Total new keywords not processed: 10296
9/9/2005 3:07:56 PM - Starting...
9/9/2005 3:07:56 PM - Processing 10 A records.
9/9/2005 3:07:57 PM - Total new keywords not processed: 10296
9/9/2005 3:51:09 PM - Failed processing apharsachites
9/9/2005 3:51:09 PM - Failed processing aphek
9/9/2005 3:51:09 PM - Failed processing apharsites
9/9/2005 6:43:33 PM - Successfully processed aphrah
9/9/2005 6:58:12 PM - Starting...
9/9/2005 6:58:12 PM - Processing 1 A records.
9/9/2005 6:58:14 PM - Total new keywords not processed: 10295
9/9/2005 6:58:55 PM - Starting...
9/9/2005 6:58:55 PM - Processing 1 A records.
9/9/2005 6:58:55 PM - Total new keywords not processed: 10295
9/10/2005 6:35:40 AM - Starting...
9/10/2005 6:35:40 AM - Processing 1 A records.
9/10/2005 6:35:42 AM - Total new keywords not processed: 10294
9/10/2005 9:33:44 AM - Starting...
9/10/2005 9:33:44 AM - Processing 5 A records.
9/10/2005 9:33:45 AM - Total new keywords not processed: 10294
9/10/2005 12:30:51 PM - Successfully processed aphik
9/10/2005 12:30:51 PM - Successfully processed aphek
9/10/2005 12:30:51 PM - Successfully processed alamoth
9/10/2005 4:41:52 PM - Starting...
9/10/2005 4:41:52 PM - Processing 5 A records.
9/10/2005 4:41:53 PM - Total new keywords not processed: 10280
9/10/2005 6:24:45 PM - Failed processing apophis
9/10/2005 6:41:41 PM - Starting...
9/10/2005 6:41:41 PM - Processing 5 A records.
10/7/2005 5:23:51 PM - Starting...
10/7/2005 5:23:51 PM - Processing 1 A records.
10/7/2005 5:23:56 PM - Total new keywords not processed: 9186
10/7/2005 5:29:06 PM - Starting...
10/7/2005 5:29:06 PM - Processing 1 A records.
10/7/2005 5:29:07 PM - Total new keywords not processed: 9186
10/7/2005 5:31:33 PM - Failed processing cbuttonst
10/7/2005 5:31:47 PM - Starting...
10/7/2005 5:31:47 PM - Processing 10 A records.
10/7/2005 5:31:47 PM - Total new keywords not processed: 9186
10/7/2005 5:32:22 PM - Successfully processed ccc1
10/7/2005 5:34:20 PM - Failed processing ccedil
10/7/2005 5:34:56 PM - Failed processing cbuttonst
10/7/2005 5:34:56 PM - Failed processing ccna
10/7/2005 5:35:45 PM - Starting...
10/7/2005 5:35:45 PM - Processing 10 A records.
10/7/2005 5:35:46 PM - Total new keywords not processed: 9186
10/7/2005 5:37:41 PM - Starting...
10/7/2005 5:37:41 PM - Processing 10 A records.
10/7/2005 5:37:41 PM - Total new keywords not processed: 9186
10/7/2005 5:39:09 PM - Starting...
10/7/2005 5:39:09 PM - Processing 10 A records.
10/7/2005 5:39:09 PM - Total new keywords not processed: 9186
10/7/2005 5:40:36 PM - Starting...
10/7/2005 5:40:36 PM - Processing 1 A records.
10/7/2005 5:40:37 PM - Total new keywords not processed: 9186
10/7/2005 6:02:12 PM - Starting...
10/7/2005 6:02:12 PM - Processing 10 A records.
10/7/2005 6:02:13 PM - Total new keywords not processed: 9186
10/7/2005 6:06:04 PM - Starting...
10/7/2005 6:06:04 PM - Processing 10 A records.
10/7/2005 6:06:04 PM - Total new keywords not processed: 9186
10/7/2005 6:06:16 PM - Failed processing ccaudio
10/7/2005 6:06:16 PM - Failed processing ccc1
10/7/2005 6:06:17 PM - Failed processing ccedil
10/7/2005 6:06:18 PM - Failed processing ccilianus
10/7/2005 6:06:19 PM - Failed processing ccna
10/7/2005 6:06:20 PM - Failed processing ccnet
10/7/2005 6:06:21 PM - Failed processing ccombobox
10/7/2005 6:06:22 PM - Failed processing ccrypt
10/7/2005 6:06:23 PM - Failed processing ccustombitmapbutton
10/7/2005 6:07:40 PM - Starting...
10/7/2005 6:07:40 PM - Processing 5 A records.
10/7/2005 6:07:40 PM - Total new keywords not processed: 9186
10/7/2005 6:10:02 PM - Starting...
10/7/2005 6:10:02 PM - Processing 5 A records.
10/7/2005 6:10:02 PM - Total new keywords not processed: 9186
10/7/2005 6:10:19 PM - Failed processing cbuttonst
10/7/2005 6:10:20 PM - Failed processing ccedil
10/7/2005 6:10:21 PM - Failed processing ccilianus
10/7/2005 6:11:38 PM - Starting...
10/7/2005 6:11:38 PM - Processing 5 A records.
10/7/2005 6:11:38 PM - Total new keywords not processed: 9186
10/7/2005 6:12:16 PM - Starting...
10/7/2005 6:12:16 PM - Processing 5 A records.
10/7/2005 6:12:16 PM - Total new keywords not processed: 9186
10/7/2005 9:40:48 PM - Starting...
10/7/2005 9:40:48 PM - Processing 5 A records.
10/7/2005 9:40:50 PM - Total new keywords not processed: 9180
10/7/2005 9:42:14 PM - Starting...
10/7/2005 9:42:14 PM - Processing 5 A records.
10/7/2005 9:42:15 PM - Total new keywords not processed: 9180
10/7/2005 9:42:29 PM - Failed processing ccaudio
10/7/2005 9:42:29 PM - Failed processing cbuttonst
10/7/2005 9:42:29 PM - Failed processing ccedil
10/7/2005 9:42:30 PM - Failed processing ccilianus
10/7/2005 9:43:20 PM - Starting...
10/7/2005 9:43:20 PM - Processing 5 A records.
10/7/2005 9:43:20 PM - Total new keywords not processed: 9180
10/7/2005 9:55:06 PM - Starting...
10/7/2005 9:55:06 PM - Processing 1 A records.
10/7/2005 9:55:07 PM - Total new keywords not processed: 9180
10/7/2005 10:09:25 PM - Starting...
10/7/2005 10:09:25 PM - Processing 1 A records.
10/7/2005 10:09:26 PM - Total new keywords not processed: 9180
10/7/2005 10:09:52 PM - Starting...
10/7/2005 10:09:52 PM - Processing 1 A records.
10/7/2005 10:09:52 PM - Total new keywords not processed: 9180
10/7/2005 10:12:52 PM - Starting...
10/7/2005 10:12:52 PM - Processing 1 A records.
10/7/2005 10:12:52 PM - Total new keywords not processed: 9180
10/7/2005 10:14:21 PM - Starting...
10/7/2005 10:14:21 PM - Processing 1 A records.
10/7/2005 10:14:21 PM - Total new keywords not processed: 9180
10/7/2005 10:16:04 PM - Starting...
10/7/2005 10:16:04 PM - Processing 1 A records.
10/7/2005 10:16:05 PM - Total new keywords not processed: 9180
10/7/2005 10:17:54 PM - Starting...
10/7/2005 10:17:54 PM - Processing 1 A records.
10/7/2005 10:17:54 PM - Total new keywords not processed: 9180
10/7/2005 10:20:11 PM - Starting...
10/7/2005 10:20:11 PM - Processing 1 A records.
10/7/2005 10:20:12 PM - Total new keywords not processed: 9180
10/7/2005 10:22:00 PM - Starting...
10/7/2005 10:22:00 PM - Processing 1 A records.
10/7/2005 10:22:00 PM - Total new keywords not processed: 9180
10/7/2005 10:22:25 PM - Failed processing cbuttonst
10/7/2005 10:23:45 PM - Starting...
10/7/2005 10:23:45 PM - Processing 1 A records.
10/7/2005 10:23:45 PM - Total new keywords not processed: 9180
10/7/2005 10:25:51 PM - Starting...
10/7/2005 10:25:51 PM - Processing 1 A records.
10/7/2005 10:25:51 PM - Total new keywords not processed: 9180
10/7/2005 10:29:20 PM - Starting...
10/7/2005 10:29:20 PM - Processing 10 A records.
10/7/2005 10:29:20 PM - Total new keywords not processed: 9180
10/7/2005 10:32:54 PM - Starting...
10/7/2005 10:32:54 PM - Processing 10 A records.
10/7/2005 10:32:54 PM - Total new keywords not processed: 9180
10/7/2005 10:45:01 PM - Starting...
10/7/2005 10:45:01 PM - Processing 10 A records.
10/7/2005 10:45:01 PM - Total new keywords not processed: 9180
10/7/2005 10:45:08 PM - Successfully processed ccc1
10/7/2005 10:45:08 PM - Successfully processed cbuttonst
10/7/2005 10:45:09 PM - Failed processing ccedil
10/7/2005 10:45:10 PM - Failed processing ccilianus
10/7/2005 10:45:11 PM - Failed processing cdex
10/7/2005 10:45:12 PM - Failed processing cdma
10/7/2005 10:45:13 PM - Failed processing cdmon
10/7/2005 10:45:14 PM - Failed processing cdw
10/7/2005 10:45:15 PM - Failed processing cdwalla
10/7/2005 10:50:57 PM - Starting...
10/7/2005 10:50:57 PM - Processing 10 A records.
10/7/2005 10:50:58 PM - Total new keywords not processed: 9177
10/7/2005 11:04:06 PM - Starting...
10/7/2005 11:04:06 PM - Processing 10 A records.
10/7/2005 11:04:06 PM - Total new keywords not processed: 9177
10/7/2005 11:07:48 PM - Starting...
10/7/2005 11:07:48 PM - Processing 10 A records.
11/18/2005 3:37:16 PM - Starting...
11/18/2005 3:37:16 PM - Processing 1 A records.
11/18/2005 3:38:08 PM - Total new keywords not processed: 5398
11/18/2005 8:28:43 PM - Successfully processed kuulonsuojaimet
11/19/2005 8:16:56 AM - Starting...
11/19/2005 8:16:56 AM - Processing 1 A records.
11/19/2005 8:16:59 AM - Total new keywords not processed: 5397
11/19/2005 8:33:06 AM - Failed processing kuyper
11/19/2005 8:25:00 PM - Starting...
11/19/2005 8:25:00 PM - Processing 1 A records.
3/4/2006 7:47:27 AM - Starting...
3/4/2006 7:47:27 AM - Processing 1 A records.
4/22/2006 10:54:20 AM - Starting...
4/22/2006 10:54:21 AM - Processing 1 A records.
5/7/2006 3:42:56 PM - Starting...
5/7/2006 3:42:56 PM - Processing 1 A records.
5/7/2006 3:43:06 PM - Total new keywords not processed: 216
5/7/2006 3:43:41 PM - Starting...
5/7/2006 3:43:41 PM - Processing 20 A records.
4/30/2007 12:12:28 PM - Starting...
4/30/2007 12:12:28 PM - Processing 20 A records.
4/30/2007 12:12:56 PM - Starting...
4/30/2007 12:12:56 PM - Processing 20 A records.
4/30/2007 12:13:03 PM - Total new keywords not processed: 0
4/30/2007 12:15:10 PM - Starting...
4/30/2007 12:15:10 PM - Processing 20 A records.
4/30/2007 12:16:29 PM - Total new keywords not processed: 8
5/1/2007 10:00:57 AM - Starting...
5/1/2007 10:00:57 AM - Processing 20 A records.
5/1/2007 10:01:16 AM - Starting...
5/1/2007 10:01:16 AM - Processing 20 B records.
5/1/2007 3:21:49 PM - Starting...
5/1/2007 3:21:49 PM - Processing 20 B records.
5/1/2007 3:25:10 PM - Total new keywords not processed: 8
11/17/2007 9:29:06 PM - Starting...
11/17/2007 9:29:06 PM - Processing 20 B records.
11/17/2007 9:29:08 PM - Total new keywords not processed: 21
11/17/2007 9:42:55 PM - Starting...
11/17/2007 9:42:55 PM - Processing 20 B records.
11/17/2007 9:43:00 PM - Total new keywords not processed: 21
11/17/2007 9:43:58 PM - Starting...
11/17/2007 9:43:58 PM - Processing 1 B records.
11/17/2007 9:44:00 PM - Total new keywords not processed: 21
11/17/2007 10:14:12 PM - Starting...
11/17/2007 10:14:12 PM - Processing 1 B records.
11/17/2007 10:14:17 PM - Total new keywords not processed: 21
11/18/2007 12:28:04 AM - Successfully processed bblico
